-------------------------------------------------------------------------------
Test set: AppleServiceTest
-------------------------------------------------------------------------------
Tests run: 1, Failures: 1, Errors: 0, Skipped: 0, Time elapsed: 3.776 sec <<< FAILURE!
testGetWithSuccess(AppleServiceTest)  Time elapsed: 0.042 sec  <<< FAILURE!
java.lang.Error: Unresolved compilation problems: 
	ObjectMapper cannot be resolved to a type
	ObjectMapper cannot be resolved to a type

	at AppleServiceTest.testGetWithSuccess(AppleServiceTest.java:46)

