<?xml version="1.0" encoding="UTF-8"?>
<!-- Generated by org.testng.reporters.JUnitXMLReporter -->
<testsuite hostname="DESKTOP-HHEEP4M" ignored="0" tests="1" failures="1" timestamp="04 Dec 2018 03:52:12 GMT" time="0.08" errors="0">
  <testcase name="testGetWithSuccess" time="0.01" classname="AppleServiceTest">
    <failure type="java.lang.Error" message="Unresolved compilation problems: 
	ObjectMapper cannot be resolved to a type
	ObjectMapper cannot be resolved to a type
">
      <![CDATA[java.lang.Error: Unresolved compilation problems: 
ObjectMapper cannot be resolved to a type
ObjectMapper cannot be resolved to a type

at AppleServiceTest.testGetWithSuccess(AppleServiceTest.java:46)
... Removed 34 stack frames]]>
    </failure>
  </testcase> <!-- testGetWithSuccess -->
</testsuite>
